<?xml version="1.0" encoding="UTF-8" standalone="yes"?>
<testsuites time="208.752" tests="3" failures="0" errors="1">
    <testsuite name="GraphWalker" tests="3" failures="0" errors="1" time="208.752" timestamp="2022-03-20T15:53:57">
        <properties>
            <property name="awt.toolkit" value="sun.awt.windows.WToolkit"/>
            <property name="classworlds.conf" value="C:\Software\apache-maven-3.6.3\bin\..\bin\m2.conf"/>
            <property name="env.=::" value="::\"/>
            <property name="env.=C:" value="C:\Automation\Demo\Reports\ClassRosterReport\SC-ClassRoster_Report"/>
            <property name="env.=EXITCODE" value="00000000"/>
            <property name="env.ALLUSERSPROFILE" value="C:\ProgramData"/>
            <property name="env.APPDATA" value="C:\Users\Puja.Dhavan\AppData\Roaming"/>
            <property name="env.CLASSWORLDS_JAR" value="&quot;C:\Software\apache-maven-3.6.3\bin\..\boot\plexus-classworlds-2.6.0.jar&quot;"/>
            <property name="env.CLASSWORLDS_LAUNCHER" value="org.codehaus.plexus.classworlds.launcher.Launcher"/>
            <property name="env.COMMONPROGRAMFILES" value="C:\Program Files\Common Files"/>
            <property name="env.COMMONPROGRAMFILES(X86)" value="C:\Program Files (x86)\Common Files"/>
            <property name="env.COMMONPROGRAMW6432" value="C:\Program Files\Common Files"/>
            <property name="env.COMPUTERNAME" value="PUN-1PQD3J3"/>
            <property name="env.COMSPEC" value="C:\Windows\system32\cmd.exe"/>
            <property name="env.DRIVERDATA" value="C:\Windows\System32\Drivers\DriverData"/>
            <property name="env.ERROR_CODE" value="0"/>
            <property name="env.EXEC_DIR" value="C:\Automation\Demo\Reports\ClassRosterReport\SC-ClassRoster_Report"/>
            <property name="env.FPS_BROWSER_APP_PROFILE_STRING" value="Internet Explorer"/>
            <property name="env.FPS_BROWSER_USER_PROFILE_STRING" value="Default"/>
            <property name="env.HOMEDRIVE" value="C:"/>
            <property name="env.HOMEPATH" value="\Users\Puja.Dhavan"/>
            <property name="env.IDEA_INITIAL_DIRECTORY" value="C:\Program Files\JetBrains\IntelliJ IDEA Community Edition 2020.3\bin"/>
            <property name="env.JAVACMD" value="C:\Program Files\Java\jdk1.8.0_271\bin\java.exe"/>
            <property name="env.JAVA_HOME" value="C:\Program Files\Java\jdk1.8.0_271"/>
            <property name="env.JRE_HOME" value="C:\Program Files\Java\jre1.8.0_271"/>
            <property name="env.JVMCONFIG" value="\.mvn\jvm.config"/>
            <property name="env.LOCALAPPDATA" value="C:\Users\Puja.Dhavan\AppData\Local"/>
            <property name="env.LOGONSERVER" value="\\INPUNVGDC06"/>
            <property name="env.MAVEN_CMD_LINE_ARGS" value="graphwalker:test"/>
            <property name="env.MAVEN_HOME" value="C:\Software\apache-maven-3.6.3\bin\.."/>
            <property name="env.MAVEN_PROJECTBASEDIR" value="C:\Automation\Demo\Reports\ClassRosterReport\SC-ClassRoster_Report"/>
            <property name="env.NUMBER_OF_PROCESSORS" value="8"/>
            <property name="env.ONEDRIVE" value="C:\Users\Puja.Dhavan\OneDrive - Mahindra &amp; Mahindra Ltd.-55241918-Bristlecone India Pvt Ltd"/>
            <property name="env.ONEDRIVECOMMERCIAL" value="C:\Users\Puja.Dhavan\OneDrive - Mahindra &amp; Mahindra Ltd.-55241918-Bristlecone India Pvt Ltd"/>
            <property name="env.OS" value="Windows_NT"/>
            <property name="env.PATH" value="C:\Program Files (x86)\Common Files\Oracle\Java\javapath;C:\Windows\system32;C:\Windows;C:\Windows\System32\Wbem;C:\Windows\System32\WindowsPowerShell\v1.0\;C:\Windows\System32\OpenSSH\;C:\Program Files\SourceGear\Common\DiffMerge\;C:\Program Files\Git\cmd;C:\Program Files\nodejs\;C:\Program Files\TortoiseGit\bin;C:\Program Files\Java\jdk1.8.0_271\bin;C:\Program Files\Java\jre1.8.0_271\bin;C:\Software\apache-maven-3.6.3\bin;C:\Program Files\Docker\Docker\resources\bin;C:\ProgramData\DockerDesktop\version-bin;C:\Python27;C:\Python27\Scripts;C:\Users\Puja.Dhavan\AppData\Local\Microsoft\WindowsApps;"/>
            <property name="env.PATHEXT" value=".COM;.EXE;.BAT;.CMD;.VBS;.VBE;.JS;.JSE;.WSF;.WSH;.MSC"/>
            <property name="env.PLMVIS_82_LIBPATH" value="C:\Program Files (x86)\SAP\FrontEnd\SAPgui\Program"/>
            <property name="env.PROCESSOR_ARCHITECTURE" value="AMD64"/>
            <property name="env.PROCESSOR_IDENTIFIER" value="Intel64 Family 6 Model 140 Stepping 1, GenuineIntel"/>
            <property name="env.PROCESSOR_LEVEL" value="6"/>
            <property name="env.PROCESSOR_REVISION" value="8c01"/>
            <property name="env.PROGRAMDATA" value="C:\ProgramData"/>
            <property name="env.PROGRAMFILES" value="C:\Program Files"/>
            <property name="env.PROGRAMFILES(X86)" value="C:\Program Files (x86)"/>
            <property name="env.PROGRAMW6432" value="C:\Program Files"/>
            <property name="env.PROMPT" value="$P$G"/>
            <property name="env.PSMODULEPATH" value="C:\Program Files\WindowsPowerShell\Modules;C:\Windows\system32\WindowsPowerShell\v1.0\Modules"/>
            <property name="env.PUBLIC" value="C:\Users\Public"/>
            <property name="env.SESSIONNAME" value="Console"/>
            <property name="env.SNC_LIB" value="C:\Program Files (x86)\SAP\FrontEnd\SapGui\Encryption\secgss.dll"/>
            <property name="env.SYSTEMDRIVE" value="C:"/>
            <property name="env.SYSTEMROOT" value="C:\Windows"/>
            <property name="env.TEMP" value="C:\Users\PUJA~1.DHA\AppData\Local\Temp"/>
            <property name="env.TERMINAL_EMULATOR" value="JetBrains-JediTerm"/>
            <property name="env.TMP" value="C:\Users\PUJA~1.DHA\AppData\Local\Temp"/>
            <property name="env.USERDNSDOMAIN" value="BCONE.COM"/>
            <property name="env.USERDOMAIN" value="BRISTLECONE"/>
            <property name="env.USERDOMAIN_ROAMINGPROFILE" value="BRISTLECONE"/>
            <property name="env.USERNAME" value="Puja.Dhavan"/>
            <property name="env.USERPROFILE" value="C:\Users\Puja.Dhavan"/>
            <property name="env.WDIR" value="C:\"/>
            <property name="env.WINDIR" value="C:\Windows"/>
            <property name="env.ZES_ENABLE_SYSMAN" value="1"/>
            <property name="env.__INTELLIJ_COMMAND_HISTFILE__" value="C:\Users\Puja.Dhavan\AppData\Roaming\JetBrains\IdeaIC2020.3\terminal\history\history-724"/>
            <property name="file.encoding" value="Cp1252"/>
            <property name="file.encoding.pkg" value="sun.io"/>
            <property name="file.separator" value="\"/>
            <property name="java.awt.graphicsenv" value="sun.awt.Win32GraphicsEnvironment"/>
            <property name="java.awt.printerjob" value="sun.awt.windows.WPrinterJob"/>
            <property name="java.class.path" value="C:\Software\apache-maven-3.6.3\bin\..\boot\plexus-classworlds-2.6.0.jar"/>
            <property name="java.class.version" value="52.0"/>
            <property name="java.endorsed.dirs" value="C:\Program Files\Java\jdk1.8.0_271\jre\lib\endorsed"/>
            <property name="java.ext.dirs" value="C:\Program Files\Java\jdk1.8.0_271\jre\lib\ext;C:\Windows\Sun\Java\lib\ext"/>
            <property name="java.home" value="C:\Program Files\Java\jdk1.8.0_271\jre"/>
            <property name="java.io.tmpdir" value="C:\Users\PUJA~1.DHA\AppData\Local\Temp\"/>
            <property name="java.library.path" value="C:\Program Files\Java\jdk1.8.0_271\bin;C:\Windows\Sun\Java\bin;C:\Windows\system32;C:\Windows;C:\Program Files (x86)\Common Files\Oracle\Java\javapath;C:\Windows\system32;C:\Windows;C:\Windows\System32\Wbem;C:\Windows\System32\WindowsPowerShell\v1.0\;C:\Windows\System32\OpenSSH\;C:\Program Files\SourceGear\Common\DiffMerge\;C:\Program Files\Git\cmd;C:\Program Files\nodejs\;C:\Program Files\TortoiseGit\bin;C:\Program Files\Java\jdk1.8.0_271\bin;C:\Program Files\Java\jre1.8.0_271\bin;C:\Software\apache-maven-3.6.3\bin;C:\Program Files\Docker\Docker\resources\bin;C:\ProgramData\DockerDesktop\version-bin;C:\Python27;C:\Python27\Scripts;C:\Users\Puja.Dhavan\AppData\Local\Microsoft\WindowsApps;;."/>
            <property name="java.runtime.name" value="Java(TM) SE Runtime Environment"/>
            <property name="java.runtime.version" value="1.8.0_271-b09"/>
            <property name="java.specification.name" value="Java Platform API Specification"/>
            <property name="java.specification.vendor" value="Oracle Corporation"/>
            <property name="java.specification.version" value="1.8"/>
            <property name="java.vendor" value="Oracle Corporation"/>
            <property name="java.vendor.url" value="http://java.oracle.com/"/>
            <property name="java.vendor.url.bug" value="http://bugreport.sun.com/bugreport/"/>
            <property name="java.version" value="1.8.0_271"/>
            <property name="java.vm.info" value="mixed mode"/>
            <property name="java.vm.name" value="Java HotSpot(TM) 64-Bit Server VM"/>
            <property name="java.vm.specification.name" value="Java Virtual Machine Specification"/>
            <property name="java.vm.specification.vendor" value="Oracle Corporation"/>
            <property name="java.vm.specification.version" value="1.8"/>
            <property name="java.vm.vendor" value="Oracle Corporation"/>
            <property name="java.vm.version" value="25.271-b09"/>
            <property name="library.jansi.path" value="C:\Software\apache-maven-3.6.3\bin\..\lib\jansi-native"/>
            <property name="line.separator" value="&#xD;&#xA;"/>
            <property name="maven.build.version" value="Apache Maven 3.6.3 (cecedd343002696d0abb50b32b541b8a6ba2883f)"/>
            <property name="maven.conf" value="C:\Software\apache-maven-3.6.3\bin\../conf"/>
            <property name="maven.home" value="C:\Software\apache-maven-3.6.3\bin\.."/>
            <property name="maven.multiModuleProjectDirectory" value="C:\Automation\Demo\Reports\ClassRosterReport\SC-ClassRoster_Report"/>
            <property name="maven.version" value="3.6.3"/>
            <property name="os.arch" value="amd64"/>
            <property name="os.name" value="Windows 10"/>
            <property name="os.version" value="10.0"/>
            <property name="path.separator" value=";"/>
            <property name="sun.arch.data.model" value="64"/>
            <property name="sun.boot.class.path" value="C:\Program Files\Java\jdk1.8.0_271\jre\lib\resources.jar;C:\Program Files\Java\jdk1.8.0_271\jre\lib\rt.jar;C:\Program Files\Java\jdk1.8.0_271\jre\lib\sunrsasign.jar;C:\Program Files\Java\jdk1.8.0_271\jre\lib\jsse.jar;C:\Program Files\Java\jdk1.8.0_271\jre\lib\jce.jar;C:\Program Files\Java\jdk1.8.0_271\jre\lib\charsets.jar;C:\Program Files\Java\jdk1.8.0_271\jre\lib\jfr.jar;C:\Program Files\Java\jdk1.8.0_271\jre\classes"/>
            <property name="sun.boot.library.path" value="C:\Program Files\Java\jdk1.8.0_271\jre\bin"/>
            <property name="sun.cpu.endian" value="little"/>
            <property name="sun.cpu.isalist" value="amd64"/>
            <property name="sun.desktop" value="windows"/>
            <property name="sun.io.unicode.encoding" value="UnicodeLittle"/>
            <property name="sun.java.command" value="org.codehaus.plexus.classworlds.launcher.Launcher graphwalker:test"/>
            <property name="sun.java.launcher" value="SUN_STANDARD"/>
            <property name="sun.jnu.encoding" value="Cp1252"/>
            <property name="sun.management.compiler" value="HotSpot 64-Bit Tiered Compilers"/>
            <property name="sun.os.patch.level" value=""/>
            <property name="sun.stderr.encoding" value="cp437"/>
            <property name="sun.stdout.encoding" value="cp437"/>
            <property name="user.country" value="IN"/>
            <property name="user.dir" value="C:\Automation\Demo\Reports\ClassRosterReport\SC-ClassRoster_Report"/>
            <property name="user.home" value="C:\Users\Puja.Dhavan"/>
            <property name="user.language" value="en"/>
            <property name="user.name" value="Puja.Dhavan"/>
            <property name="user.script" value=""/>
            <property name="user.timezone" value=""/>
            <property name="user.variant" value=""/>
        </properties>
        <testcase name="ClassRosterTest" time="69.584" classname="org.graphwalker.ClassRosterTest">
            <error type="org.openqa.selenium.NoSuchWindowException" message="no such window: target window already closed&#xA;from unknown error: web view not found&#xA;  (Session info: chrome=99.0.4844.74)&#xA;Build info: version: '3.141.59', revision: 'e82be7d358', time: '2018-11-14T08:17:03'&#xA;System info: host: 'PUN-1PQD3J3', ip: '192.168.1.27', os.name: 'Windows 10', os.arch: 'amd64', os.version: '10.0', java.version: '1.8.0_271'&#xA;Driver info: org.openqa.selenium.chrome.ChromeDriver&#xA;Capabilities {acceptInsecureCerts: false, browserName: chrome, browserVersion: 99.0.4844.74, chrome: {chromedriverVersion: 99.0.4844.51 (d537ec02474b5..., userDataDir: C:\Users\PUJA~1.DHA\AppData...}, goog:chromeOptions: {debuggerAddress: localhost:63630}, javascriptEnabled: true, networkConnectionEnabled: false, pageLoadStrategy: normal, platform: WINDOWS, platformName: WINDOWS, proxy: Proxy(), setWindowRect: true, strictFileInteractability: false, timeouts: {implicit: 0, pageLoad: 300000, script: 30000}, unhandledPromptBehavior: dismiss and notify, webauthn:extension:credBlob: true, webauthn:extension:largeBlob: true, webauthn:virtualAuthenticators: true}&#xA;Session ID: b8f8751c17316b05bbbb2e05e9e393a7">
                org.openqa.selenium.NoSuchWindowException: no such window: target window already closed
                from unknown error: web view not found
                  (Session info: chrome=99.0.4844.74)
                Build info: version: '3.141.59', revision: 'e82be7d358', time: '2018-11-14T08:17:03'
                System info: host: 'PUN-1PQD3J3', ip: '192.168.1.27', os.name: 'Windows 10', os.arch: 'amd64', os.version: '10.0', java.version: '1.8.0_271'
                Driver info: org.openqa.selenium.chrome.ChromeDriver
                Capabilities {acceptInsecureCerts: false, browserName: chrome, browserVersion: 99.0.4844.74, chrome: {chromedriverVersion: 99.0.4844.51 (d537ec02474b5..., userDataDir: C:\Users\PUJA~1.DHA\AppData...}, goog:chromeOptions: {debuggerAddress: localhost:63630}, javascriptEnabled: true, networkConnectionEnabled: false, pageLoadStrategy: normal, platform: WINDOWS, platformName: WINDOWS, proxy: Proxy(), setWindowRect: true, strictFileInteractability: false, timeouts: {implicit: 0, pageLoad: 300000, script: 30000}, unhandledPromptBehavior: dismiss and notify, webauthn:extension:credBlob: true, webauthn:extension:largeBlob: true, webauthn:virtualAuthenticators: true}
                Session ID: b8f8751c17316b05bbbb2e05e9e393a7&#xD;
                	at sun.reflect.GeneratedConstructorAccessor50.newInstance(Unknown Source)&#xD;
                	at sun.reflect.DelegatingConstructorAccessorImpl.newInstance(DelegatingConstructorAccessorImpl.java:45)&#xD;
                	at java.lang.reflect.Constructor.newInstance(Constructor.java:423)&#xD;
                	at org.openqa.selenium.remote.http.W3CHttpResponseCodec.createException(W3CHttpResponseCodec.java:187)&#xD;
                	at org.openqa.selenium.remote.http.W3CHttpResponseCodec.decode(W3CHttpResponseCodec.java:122)&#xD;
                	at org.openqa.selenium.remote.http.W3CHttpResponseCodec.decode(W3CHttpResponseCodec.java:49)&#xD;
                	at org.openqa.selenium.remote.HttpCommandExecutor.execute(HttpCommandExecutor.java:158)&#xD;
                	at org.openqa.selenium.remote.service.DriverCommandExecutor.execute(DriverCommandExecutor.java:83)&#xD;
                	at org.openqa.selenium.remote.RemoteWebDriver.execute(RemoteWebDriver.java:552)&#xD;
                	at org.openqa.selenium.remote.RemoteWebDriver.execute(RemoteWebDriver.java:609)&#xD;
                	at org.openqa.selenium.remote.RemoteWebDriver.getScreenshotAs(RemoteWebDriver.java:295)&#xD;
                	at helpers.ScreenshotHelper.capture(ScreenshotHelper.java:76)&#xD;
                	at utils.ConsoleLogger.SkippedTestCase(ConsoleLogger.java:59)&#xD;
                	at org.graphwalker.ClassRosterTest.v_VerifyClassRosterReport(ClassRosterTest.java:21)&#xD;
                	at jdk.nashorn.internal.scripts.Script$Recompilation$27$398$\^eval\_.v_VerifyClassRosterReport(&lt;eval&gt;:1)&#xD;
                	at jdk.nashorn.internal.scripts.Script$26$\^eval\_.:program(&lt;eval&gt;:1)&#xD;
                	at jdk.nashorn.internal.runtime.ScriptFunctionData.invoke(ScriptFunctionData.java:637)&#xD;
                	at jdk.nashorn.internal.runtime.ScriptFunction.invoke(ScriptFunction.java:494)&#xD;
                	at jdk.nashorn.internal.runtime.ScriptRuntime.apply(ScriptRuntime.java:393)&#xD;
                	at jdk.nashorn.api.scripting.NashornScriptEngine.evalImpl(NashornScriptEngine.java:449)&#xD;
                	at jdk.nashorn.api.scripting.NashornScriptEngine.evalImpl(NashornScriptEngine.java:406)&#xD;
                	at jdk.nashorn.api.scripting.NashornScriptEngine.evalImpl(NashornScriptEngine.java:402)&#xD;
                	at jdk.nashorn.api.scripting.NashornScriptEngine.eval(NashornScriptEngine.java:155)&#xD;
                	at javax.script.AbstractScriptEngine.eval(AbstractScriptEngine.java:264)&#xD;
                	at org.graphwalker.core.machine.ExecutionContext.execute(ExecutionContext.java:288)&#xD;
                	at org.graphwalker.core.machine.SimpleMachine.execute(SimpleMachine.java:305)&#xD;
                	at org.graphwalker.core.machine.SimpleMachine.execute(SimpleMachine.java:280)&#xD;
                	at org.graphwalker.core.machine.SimpleMachine.getNextStep(SimpleMachine.java:102)&#xD;
                	at org.graphwalker.java.test.TestExecutor.execute(TestExecutor.java:249)&#xD;
                	at sun.reflect.NativeMethodAccessorImpl.invoke0(Native Method)&#xD;
                	at sun.reflect.NativeMethodAccessorImpl.invoke(NativeMethodAccessorImpl.java:62)&#xD;
                	at sun.reflect.DelegatingMethodAccessorImpl.invoke(DelegatingMethodAccessorImpl.java:43)&#xD;
                	at java.lang.reflect.Method.invoke(Method.java:498)&#xD;
                	at org.graphwalker.java.test.Reflections.invoke(Reflections.java:73)&#xD;
                	at org.graphwalker.java.test.Reflector.execute(Reflector.java:123)&#xD;
                	at org.graphwalker.maven.plugin.TestMojo.execute(TestMojo.java:161)&#xD;
                	at org.apache.maven.plugin.DefaultBuildPluginManager.executeMojo(DefaultBuildPluginManager.java:137)&#xD;
                	at org.apache.maven.lifecycle.internal.MojoExecutor.execute(MojoExecutor.java:210)&#xD;
                	at org.apache.maven.lifecycle.internal.MojoExecutor.execute(MojoExecutor.java:156)&#xD;
                	at org.apache.maven.lifecycle.internal.MojoExecutor.execute(MojoExecutor.java:148)&#xD;
                	at org.apache.maven.lifecycle.internal.LifecycleModuleBuilder.buildProject(LifecycleModuleBuilder.java:117)&#xD;
                	at org.apache.maven.lifecycle.internal.LifecycleModuleBuilder.buildProject(LifecycleModuleBuilder.java:81)&#xD;
                	at org.apache.maven.lifecycle.internal.builder.singlethreaded.SingleThreadedBuilder.build(SingleThreadedBuilder.java:56)&#xD;
                	at org.apache.maven.lifecycle.internal.LifecycleStarter.execute(LifecycleStarter.java:128)&#xD;
                	at org.apache.maven.DefaultMaven.doExecute(DefaultMaven.java:305)&#xD;
                	at org.apache.maven.DefaultMaven.doExecute(DefaultMaven.java:192)&#xD;
                	at org.apache.maven.DefaultMaven.execute(DefaultMaven.java:105)&#xD;
                	at org.apache.maven.cli.MavenCli.execute(MavenCli.java:957)&#xD;
                	at org.apache.maven.cli.MavenCli.doMain(MavenCli.java:289)&#xD;
                	at org.apache.maven.cli.MavenCli.main(MavenCli.java:193)&#xD;
                	at sun.reflect.NativeMethodAccessorImpl.invoke0(Native Method)&#xD;
                	at sun.reflect.NativeMethodAccessorImpl.invoke(NativeMethodAccessorImpl.java:62)&#xD;
                	at sun.reflect.DelegatingMethodAccessorImpl.invoke(DelegatingMethodAccessorImpl.java:43)&#xD;
                	at java.lang.reflect.Method.invoke(Method.java:498)&#xD;
                	at org.codehaus.plexus.classworlds.launcher.Launcher.launchEnhanced(Launcher.java:282)&#xD;
                	at org.codehaus.plexus.classworlds.launcher.Launcher.launch(Launcher.java:225)&#xD;
                	at org.codehaus.plexus.classworlds.launcher.Launcher.mainWithExitCode(Launcher.java:406)&#xD;
                	at org.codehaus.plexus.classworlds.launcher.Launcher.main(Launcher.java:347)&#xD;
</error>
        </testcase>
        <testcase name="LoginTest" time="69.584" classname="org.graphwalker.LoginTest"/>
        <testcase name="ReportTest" time="69.584" classname="org.graphwalker.ReportTest"/>
    </testsuite>
</testsuites>
